{"/Users/ankur/Desktop/react_learning/src/components/Contact.js": {"path":"/Users/ankur/Desktop/react_learning/src/components/Contact.js","statementMap":{"0":{"start":{"line":1,"column":17},"end":{"line":10,"column":1}},"1":{"start":{"line":2,"column":2},"end":{"line":9,"column":3}}},"fnMap":{"0":{"name":"(anonymous_0)","decl":{"start":{"line":1,"column":17},"end":{"line":1,"column":18}},"loc":{"start":{"line":1,"column":21},"end":{"line":10,"column":1}},"line":1}},"branchMap":{},"s":{"0":1,"1":5},"f":{"0":5},"b":{},"_coverageSchema":"1a1c01bbd47fc00a2c39e90264f33305004495a9","hash":"6533bd75c2b719d8ab67069f2096936c5c690c06"}
,"/Users/ankur/Desktop/react_learning/src/components/Header.js": {"path":"/Users/ankur/Desktop/react_learning/src/components/Header.js","statementMap":{"0":{"start":{"line":9,"column":15},"end":{"line":53,"column":1}},"1":{"start":{"line":10,"column":32},"end":{"line":10,"column":49}},"2":{"start":{"line":11,"column":23},"end":{"line":11,"column":40}},"3":{"start":{"line":13,"column":40},"end":{"line":13,"column":63}},"4":{"start":{"line":15,"column":20},"end":{"line":15,"column":60}},"5":{"start":{"line":15,"column":43},"end":{"line":15,"column":59}},"6":{"start":{"line":17,"column":2},"end":{"line":52,"column":4}}},"fnMap":{"0":{"name":"(anonymous_0)","decl":{"start":{"line":9,"column":15},"end":{"line":9,"column":16}},"loc":{"start":{"line":9,"column":21},"end":{"line":53,"column":1}},"line":9},"1":{"name":"(anonymous_1)","decl":{"start":{"line":15,"column":32},"end":{"line":15,"column":33}},"loc":{"start":{"line":15,"column":43},"end":{"line":15,"column":59}},"line":15}},"branchMap":{"0":{"loc":{"start":{"line":28,"column":29},"end":{"line":28,"column":73}},"type":"cond-expr","locations":[{"start":{"line":28,"column":53},"end":{"line":28,"column":61}},{"start":{"line":28,"column":64},"end":{"line":28,"column":73}}],"line":28}},"s":{"0":1,"1":4,"2":4,"3":4,"4":4,"5":8,"6":4},"f":{"0":4,"1":8},"b":{"0":[4,0]},"_coverageSchema":"1a1c01bbd47fc00a2c39e90264f33305004495a9","hash":"80be12ced45fc4c41cea3814e4c02f128128a784"}
,"/Users/ankur/Desktop/react_learning/src/components/Rating.js": {"path":"/Users/ankur/Desktop/react_learning/src/components/Rating.js","statementMap":{"0":{"start":{"line":4,"column":15},"end":{"line":12,"column":1}},"1":{"start":{"line":5,"column":18},"end":{"line":5,"column":23}},"2":{"start":{"line":7,"column":2},"end":{"line":11,"column":3}}},"fnMap":{"0":{"name":"(anonymous_0)","decl":{"start":{"line":4,"column":15},"end":{"line":4,"column":16}},"loc":{"start":{"line":4,"column":24},"end":{"line":12,"column":1}},"line":4}},"branchMap":{"0":{"loc":{"start":{"line":8,"column":21},"end":{"line":8,"column":297}},"type":"cond-expr","locations":[{"start":{"line":8,"column":32},"end":{"line":8,"column":91}},{"start":{"line":8,"column":94},"end":{"line":8,"column":297}}],"line":8},"1":{"loc":{"start":{"line":8,"column":94},"end":{"line":8,"column":297}},"type":"cond-expr","locations":[{"start":{"line":8,"column":105},"end":{"line":8,"column":161}},{"start":{"line":8,"column":163},"end":{"line":8,"column":297}}],"line":8},"2":{"loc":{"start":{"line":8,"column":163},"end":{"line":8,"column":297}},"type":"cond-expr","locations":[{"start":{"line":8,"column":179},"end":{"line":8,"column":236}},{"start":{"line":8,"column":239},"end":{"line":8,"column":297}}],"line":8}},"s":{"0":1,"1":2,"2":2},"f":{"0":2},"b":{"0":[2,0],"1":[0,0],"2":[0,0]},"_coverageSchema":"1a1c01bbd47fc00a2c39e90264f33305004495a9","hash":"ad100f52f06e54e27d185917c54daebb753dc1f2"}
,"/Users/ankur/Desktop/react_learning/src/components/RestaurantCard.js": {"path":"/Users/ankur/Desktop/react_learning/src/components/RestaurantCard.js","statementMap":{"0":{"start":{"line":5,"column":23},"end":{"line":33,"column":1}},"1":{"start":{"line":6,"column":20},"end":{"line":6,"column":25}},"2":{"start":{"line":7,"column":2},"end":{"line":7,"column":28}},"3":{"start":{"line":17,"column":6},"end":{"line":17,"column":19}},"4":{"start":{"line":18,"column":2},"end":{"line":32,"column":3}},"5":{"start":{"line":35,"column":33},"end":{"line":44,"column":1}},"6":{"start":{"line":36,"column":2},"end":{"line":43,"column":3}},"7":{"start":{"line":37,"column":4},"end":{"line":42,"column":5}}},"fnMap":{"0":{"name":"(anonymous_0)","decl":{"start":{"line":5,"column":23},"end":{"line":5,"column":24}},"loc":{"start":{"line":5,"column":32},"end":{"line":33,"column":1}},"line":5},"1":{"name":"(anonymous_1)","decl":{"start":{"line":35,"column":33},"end":{"line":35,"column":34}},"loc":{"start":{"line":35,"column":51},"end":{"line":44,"column":1}},"line":35},"2":{"name":"(anonymous_2)","decl":{"start":{"line":36,"column":9},"end":{"line":36,"column":10}},"loc":{"start":{"line":36,"column":18},"end":{"line":43,"column":3}},"line":36}},"branchMap":{},"s":{"0":1,"1":2,"2":2,"3":2,"4":2,"5":1,"6":1,"7":1},"f":{"0":2,"1":1,"2":1},"b":{},"_coverageSchema":"1a1c01bbd47fc00a2c39e90264f33305004495a9","hash":"b286982cd8f0331e05447c7bdd9932e5b6ad2bfa"}
,"/Users/ankur/Desktop/react_learning/src/utils/UserContext.js": {"path":"/Users/ankur/Desktop/react_learning/src/utils/UserContext.js","statementMap":{"0":{"start":{"line":3,"column":27},"end":{"line":5,"column":2}}},"fnMap":{},"branchMap":{},"s":{"0":1},"f":{},"b":{},"_coverageSchema":"1a1c01bbd47fc00a2c39e90264f33305004495a9","hash":"53cc23c03089761ac6bc60e7965517e4f59fc44e"}
,"/Users/ankur/Desktop/react_learning/src/utils/appStore.js": {"path":"/Users/ankur/Desktop/react_learning/src/utils/appStore.js","statementMap":{"0":{"start":{"line":4,"column":17},"end":{"line":9,"column":2}}},"fnMap":{},"branchMap":{},"s":{"0":1},"f":{},"b":{},"_coverageSchema":"1a1c01bbd47fc00a2c39e90264f33305004495a9","hash":"9e2d06ae5633a9f5f01bb1219f5a7c6b1d2666dc"}
,"/Users/ankur/Desktop/react_learning/src/utils/cartSlice.js": {"path":"/Users/ankur/Desktop/react_learning/src/utils/cartSlice.js","statementMap":{"0":{"start":{"line":4,"column":18},"end":{"line":28,"column":2}},"1":{"start":{"line":19,"column":10},"end":{"line":19,"column":42}},"2":{"start":{"line":22,"column":10},"end":{"line":22,"column":28}},"3":{"start":{"line":25,"column":9},"end":{"line":25,"column":35}},"4":{"start":{"line":30,"column":49},"end":{"line":30,"column":66}}},"fnMap":{"0":{"name":"(anonymous_0)","decl":{"start":{"line":10,"column":17},"end":{"line":10,"column":18}},"loc":{"start":{"line":10,"column":34},"end":{"line":20,"column":9}},"line":10},"1":{"name":"(anonymous_1)","decl":{"start":{"line":21,"column":19},"end":{"line":21,"column":20}},"loc":{"start":{"line":21,"column":28},"end":{"line":23,"column":9}},"line":21},"2":{"name":"(anonymous_2)","decl":{"start":{"line":24,"column":18},"end":{"line":24,"column":19}},"loc":{"start":{"line":24,"column":27},"end":{"line":26,"column":9}},"line":24}},"branchMap":{},"s":{"0":1,"1":0,"2":0,"3":0,"4":1},"f":{"0":0,"1":0,"2":0},"b":{},"_coverageSchema":"1a1c01bbd47fc00a2c39e90264f33305004495a9","hash":"a6a477af7238e25d73fd43587bc846966194c481"}
,"/Users/ankur/Desktop/react_learning/src/utils/constant.js": {"path":"/Users/ankur/Desktop/react_learning/src/utils/constant.js","statementMap":{"0":{"start":{"line":2,"column":22},"end":{"line":2,"column":113}},"1":{"start":{"line":3,"column":24},"end":{"line":3,"column":135}},"2":{"start":{"line":4,"column":22},"end":{"line":4,"column":145}},"3":{"start":{"line":5,"column":25},"end":{"line":5,"column":114}},"4":{"start":{"line":6,"column":32},"end":{"line":6,"column":121}}},"fnMap":{},"branchMap":{},"s":{"0":2,"1":2,"2":2,"3":2,"4":2},"f":{},"b":{},"_coverageSchema":"1a1c01bbd47fc00a2c39e90264f33305004495a9","hash":"8131aa7264f290f772e3dad519243108209e417d"}
,"/Users/ankur/Desktop/react_learning/src/utils/sum.js": {"path":"/Users/ankur/Desktop/react_learning/src/utils/sum.js","statementMap":{"0":{"start":{"line":1,"column":18},"end":{"line":3,"column":1}},"1":{"start":{"line":2,"column":2},"end":{"line":2,"column":12}}},"fnMap":{"0":{"name":"(anonymous_0)","decl":{"start":{"line":1,"column":18},"end":{"line":1,"column":19}},"loc":{"start":{"line":1,"column":25},"end":{"line":3,"column":1}},"line":1}},"branchMap":{},"s":{"0":1,"1":1},"f":{"0":1},"b":{},"_coverageSchema":"1a1c01bbd47fc00a2c39e90264f33305004495a9","hash":"3917837dc4bffb11552c18c666b2066eaea55a36"}
,"/Users/ankur/Desktop/react_learning/src/utils/useOnlineStatus.js": {"path":"/Users/ankur/Desktop/react_learning/src/utils/useOnlineStatus.js","statementMap":{"0":{"start":{"line":3,"column":24},"end":{"line":16,"column":1}},"1":{"start":{"line":4,"column":42},"end":{"line":4,"column":56}},"2":{"start":{"line":6,"column":2},"end":{"line":13,"column":8}},"3":{"start":{"line":7,"column":4},"end":{"line":9,"column":7}},"4":{"start":{"line":8,"column":6},"end":{"line":8,"column":27}},"5":{"start":{"line":10,"column":4},"end":{"line":12,"column":6}},"6":{"start":{"line":11,"column":6},"end":{"line":11,"column":28}},"7":{"start":{"line":14,"column":2},"end":{"line":14,"column":22}}},"fnMap":{"0":{"name":"(anonymous_0)","decl":{"start":{"line":3,"column":24},"end":{"line":3,"column":25}},"loc":{"start":{"line":3,"column":28},"end":{"line":16,"column":1}},"line":3},"1":{"name":"(anonymous_1)","decl":{"start":{"line":6,"column":12},"end":{"line":6,"column":13}},"loc":{"start":{"line":6,"column":16},"end":{"line":13,"column":3}},"line":6},"2":{"name":"(anonymous_2)","decl":{"start":{"line":7,"column":37},"end":{"line":7,"column":38}},"loc":{"start":{"line":7,"column":41},"end":{"line":9,"column":5}},"line":7},"3":{"name":"(anonymous_3)","decl":{"start":{"line":10,"column":38},"end":{"line":10,"column":39}},"loc":{"start":{"line":10,"column":42},"end":{"line":12,"column":5}},"line":10}},"branchMap":{},"s":{"0":1,"1":4,"2":4,"3":4,"4":0,"5":4,"6":0,"7":4},"f":{"0":4,"1":4,"2":0,"3":0},"b":{},"_coverageSchema":"1a1c01bbd47fc00a2c39e90264f33305004495a9","hash":"c0c1ae7f643d2ba154df517624a1610c3b88f4b0"}
}
