{"/Users/ankur/Desktop/react_learning/matchMedia.js": {"path":"/Users/ankur/Desktop/react_learning/matchMedia.js","statementMap":{"0":{"start":{"line":1,"column":0},"end":{"line":13,"column":3}},"1":{"start":{"line":3,"column":48},"end":{"line":12,"column":3}}},"fnMap":{"0":{"name":"(anonymous_0)","decl":{"start":{"line":3,"column":38},"end":{"line":3,"column":39}},"loc":{"start":{"line":3,"column":48},"end":{"line":12,"column":3}},"line":3}},"branchMap":{},"s":{"0":1,"1":1},"f":{"0":1},"b":{},"_coverageSchema":"1a1c01bbd47fc00a2c39e90264f33305004495a9","hash":"c550eb4ca8b4fd0fc241e09f33911a1c3fc2d3c2"}
,"/Users/ankur/Desktop/react_learning/src/components/Body.js": {"path":"/Users/ankur/Desktop/react_learning/src/components/Body.js","statementMap":{"0":{"start":{"line":9,"column":13},"end":{"line":112,"column":1}},"1":{"start":{"line":11,"column":44},"end":{"line":11,"column":56}},"2":{"start":{"line":12,"column":54},"end":{"line":12,"column":66}},"3":{"start":{"line":13,"column":32},"end":{"line":13,"column":42}},"4":{"start":{"line":14,"column":40},"end":{"line":14,"column":50}},"5":{"start":{"line":15,"column":24},"end":{"line":15,"column":47}},"6":{"start":{"line":17,"column":21},"end":{"line":21,"column":3}},"7":{"start":{"line":18,"column":4},"end":{"line":20,"column":6}},"8":{"start":{"line":19,"column":6},"end":{"line":19,"column":79}},"9":{"start":{"line":23,"column":29},"end":{"line":23,"column":62}},"10":{"start":{"line":25,"column":2},"end":{"line":27,"column":9}},"11":{"start":{"line":26,"column":4},"end":{"line":26,"column":20}},"12":{"start":{"line":29,"column":24},"end":{"line":37,"column":3}},"13":{"start":{"line":30,"column":17},"end":{"line":32,"column":5}},"14":{"start":{"line":33,"column":17},"end":{"line":33,"column":34}},"15":{"start":{"line":34,"column":4},"end":{"line":34,"column":97}},"16":{"start":{"line":35,"column":4},"end":{"line":35,"column":102}},"17":{"start":{"line":36,"column":4},"end":{"line":36,"column":26}},"18":{"start":{"line":38,"column":26},"end":{"line":38,"column":99}},"19":{"start":{"line":39,"column":14},"end":{"line":39,"column":43}},"20":{"start":{"line":41,"column":2},"end":{"line":41,"column":34}},"21":{"start":{"line":41,"column":22},"end":{"line":41,"column":34}},"22":{"start":{"line":42,"column":2},"end":{"line":42,"column":61}},"23":{"start":{"line":42,"column":40},"end":{"line":42,"column":61}},"24":{"start":{"line":44,"column":2},"end":{"line":111,"column":4}},"25":{"start":{"line":64,"column":26},"end":{"line":64,"column":56}},"26":{"start":{"line":69,"column":25},"end":{"line":69,"column":63}},"27":{"start":{"line":70,"column":12},"end":{"line":70,"column":40}},"28":{"start":{"line":78,"column":33},"end":{"line":80,"column":13}},"29":{"start":{"line":79,"column":23},"end":{"line":79,"column":47}},"30":{"start":{"line":81,"column":12},"end":{"line":81,"column":48}},"31":{"start":{"line":91,"column":27},"end":{"line":91,"column":54}},"32":{"start":{"line":96,"column":10},"end":{"line":107,"column":17}}},"fnMap":{"0":{"name":"(anonymous_0)","decl":{"start":{"line":9,"column":13},"end":{"line":9,"column":14}},"loc":{"start":{"line":9,"column":19},"end":{"line":112,"column":1}},"line":9},"1":{"name":"(anonymous_1)","decl":{"start":{"line":17,"column":21},"end":{"line":17,"column":22}},"loc":{"start":{"line":17,"column":54},"end":{"line":21,"column":3}},"line":17},"2":{"name":"(anonymous_2)","decl":{"start":{"line":18,"column":33},"end":{"line":18,"column":34}},"loc":{"start":{"line":19,"column":6},"end":{"line":19,"column":79}},"line":19},"3":{"name":"(anonymous_3)","decl":{"start":{"line":25,"column":12},"end":{"line":25,"column":13}},"loc":{"start":{"line":25,"column":18},"end":{"line":27,"column":3}},"line":25},"4":{"name":"(anonymous_4)","decl":{"start":{"line":29,"column":24},"end":{"line":29,"column":25}},"loc":{"start":{"line":29,"column":36},"end":{"line":37,"column":3}},"line":29},"5":{"name":"(anonymous_5)","decl":{"start":{"line":64,"column":20},"end":{"line":64,"column":21}},"loc":{"start":{"line":64,"column":26},"end":{"line":64,"column":56}},"line":64},"6":{"name":"(anonymous_6)","decl":{"start":{"line":68,"column":19},"end":{"line":68,"column":20}},"loc":{"start":{"line":68,"column":25},"end":{"line":71,"column":11}},"line":68},"7":{"name":"(anonymous_7)","decl":{"start":{"line":77,"column":19},"end":{"line":77,"column":20}},"loc":{"start":{"line":77,"column":25},"end":{"line":82,"column":11}},"line":77},"8":{"name":"(anonymous_8)","decl":{"start":{"line":79,"column":14},"end":{"line":79,"column":15}},"loc":{"start":{"line":79,"column":23},"end":{"line":79,"column":47}},"line":79},"9":{"name":"(anonymous_9)","decl":{"start":{"line":91,"column":20},"end":{"line":91,"column":21}},"loc":{"start":{"line":91,"column":27},"end":{"line":91,"column":54}},"line":91},"10":{"name":"(anonymous_10)","decl":{"start":{"line":95,"column":32},"end":{"line":95,"column":33}},"loc":{"start":{"line":96,"column":10},"end":{"line":107,"column":17}},"line":96}},"branchMap":{"0":{"loc":{"start":{"line":41,"column":2},"end":{"line":41,"column":34}},"type":"if","locations":[{"start":{"line":41,"column":2},"end":{"line":41,"column":34}},{"start":{},"end":{}}],"line":41},"1":{"loc":{"start":{"line":42,"column":2},"end":{"line":42,"column":61}},"type":"if","locations":[{"start":{"line":42,"column":2},"end":{"line":42,"column":61}},{"start":{},"end":{}}],"line":42},"2":{"loc":{"start":{"line":44,"column":9},"end":{"line":111,"column":3}},"type":"cond-expr","locations":[{"start":{"line":45,"column":4},"end":{"line":45,"column":17}},{"start":{"line":47,"column":4},"end":{"line":110,"column":10}}],"line":44},"3":{"loc":{"start":{"line":101,"column":13},"end":{"line":106,"column":13}},"type":"cond-expr","locations":[{"start":{"line":103,"column":12},"end":{"line":103,"column":54}},{"start":{"line":105,"column":12},"end":{"line":105,"column":51}}],"line":101}},"s":{"0":1,"1":7,"2":7,"3":7,"4":7,"5":7,"6":7,"7":1,"8":20,"9":7,"10":7,"11":2,"12":7,"13":2,"14":2,"15":2,"16":2,"17":2,"18":7,"19":7,"20":7,"21":0,"22":7,"23":2,"24":5,"25":1,"26":1,"27":1,"28":1,"29":20,"30":1,"31":0,"32":72},"f":{"0":7,"1":1,"2":20,"3":2,"4":2,"5":1,"6":1,"7":1,"8":20,"9":0,"10":72},"b":{"0":[0,7],"1":[2,5],"2":[0,5],"3":[0,72]},"_coverageSchema":"1a1c01bbd47fc00a2c39e90264f33305004495a9","hash":"d382c5bd790c857e8ef40e5531fd740a1b6a9b5a"}
,"/Users/ankur/Desktop/react_learning/src/components/Cart.js": {"path":"/Users/ankur/Desktop/react_learning/src/components/Cart.js","statementMap":{"0":{"start":{"line":5,"column":13},"end":{"line":29,"column":1}},"1":{"start":{"line":6,"column":19},"end":{"line":6,"column":32}},"2":{"start":{"line":7,"column":20},"end":{"line":7,"column":58}},"3":{"start":{"line":7,"column":41},"end":{"line":7,"column":57}},"4":{"start":{"line":8,"column":24},"end":{"line":10,"column":3}},"5":{"start":{"line":9,"column":4},"end":{"line":9,"column":25}},"6":{"start":{"line":11,"column":2},"end":{"line":27,"column":3}},"7":{"start":{"line":21,"column":21},"end":{"line":21,"column":38}}},"fnMap":{"0":{"name":"(anonymous_0)","decl":{"start":{"line":5,"column":13},"end":{"line":5,"column":14}},"loc":{"start":{"line":5,"column":17},"end":{"line":29,"column":1}},"line":5},"1":{"name":"(anonymous_1)","decl":{"start":{"line":7,"column":32},"end":{"line":7,"column":33}},"loc":{"start":{"line":7,"column":41},"end":{"line":7,"column":57}},"line":7},"2":{"name":"(anonymous_2)","decl":{"start":{"line":8,"column":24},"end":{"line":8,"column":25}},"loc":{"start":{"line":8,"column":28},"end":{"line":10,"column":3}},"line":8},"3":{"name":"(anonymous_3)","decl":{"start":{"line":21,"column":17},"end":{"line":21,"column":18}},"loc":{"start":{"line":21,"column":21},"end":{"line":21,"column":38}},"line":21}},"branchMap":{"0":{"loc":{"start":{"line":15,"column":7},"end":{"line":17,"column":35}},"type":"cond-expr","locations":[{"start":{"line":16,"column":6},"end":{"line":16,"column":106}},{"start":{"line":17,"column":6},"end":{"line":17,"column":35}}],"line":15}},"s":{"0":1,"1":3,"2":3,"3":6,"4":3,"5":1,"6":3,"7":1},"f":{"0":3,"1":6,"2":1,"3":1},"b":{"0":[1,2]},"_coverageSchema":"1a1c01bbd47fc00a2c39e90264f33305004495a9","hash":"0a8429c40aaf984f1a951133d0d1fdfae7312116"}
,"/Users/ankur/Desktop/react_learning/src/components/Contact.js": {"path":"/Users/ankur/Desktop/react_learning/src/components/Contact.js","statementMap":{"0":{"start":{"line":1,"column":17},"end":{"line":10,"column":1}},"1":{"start":{"line":2,"column":2},"end":{"line":9,"column":3}}},"fnMap":{"0":{"name":"(anonymous_0)","decl":{"start":{"line":1,"column":17},"end":{"line":1,"column":18}},"loc":{"start":{"line":1,"column":21},"end":{"line":10,"column":1}},"line":1}},"branchMap":{},"s":{"0":1,"1":5},"f":{"0":5},"b":{},"_coverageSchema":"1a1c01bbd47fc00a2c39e90264f33305004495a9","hash":"6533bd75c2b719d8ab67069f2096936c5c690c06"}
,"/Users/ankur/Desktop/react_learning/src/components/Header.js": {"path":"/Users/ankur/Desktop/react_learning/src/components/Header.js","statementMap":{"0":{"start":{"line":9,"column":15},"end":{"line":53,"column":1}},"1":{"start":{"line":10,"column":32},"end":{"line":10,"column":49}},"2":{"start":{"line":11,"column":23},"end":{"line":11,"column":40}},"3":{"start":{"line":13,"column":40},"end":{"line":13,"column":63}},"4":{"start":{"line":15,"column":20},"end":{"line":15,"column":60}},"5":{"start":{"line":15,"column":43},"end":{"line":15,"column":59}},"6":{"start":{"line":17,"column":2},"end":{"line":52,"column":4}}},"fnMap":{"0":{"name":"(anonymous_0)","decl":{"start":{"line":9,"column":15},"end":{"line":9,"column":16}},"loc":{"start":{"line":9,"column":21},"end":{"line":53,"column":1}},"line":9},"1":{"name":"(anonymous_1)","decl":{"start":{"line":15,"column":32},"end":{"line":15,"column":33}},"loc":{"start":{"line":15,"column":43},"end":{"line":15,"column":59}},"line":15}},"branchMap":{"0":{"loc":{"start":{"line":28,"column":29},"end":{"line":28,"column":73}},"type":"cond-expr","locations":[{"start":{"line":28,"column":53},"end":{"line":28,"column":61}},{"start":{"line":28,"column":64},"end":{"line":28,"column":73}}],"line":28}},"s":{"0":2,"1":7,"2":7,"3":7,"4":7,"5":14,"6":7},"f":{"0":7,"1":14},"b":{"0":[7,0]},"_coverageSchema":"1a1c01bbd47fc00a2c39e90264f33305004495a9","hash":"80be12ced45fc4c41cea3814e4c02f128128a784"}
,"/Users/ankur/Desktop/react_learning/src/components/ItemList.js": {"path":"/Users/ankur/Desktop/react_learning/src/components/ItemList.js","statementMap":{"0":{"start":{"line":6,"column":17},"end":{"line":38,"column":1}},"1":{"start":{"line":7,"column":16},"end":{"line":7,"column":21}},"2":{"start":{"line":8,"column":0},"end":{"line":8,"column":27}},"3":{"start":{"line":9,"column":17},"end":{"line":9,"column":30}},"4":{"start":{"line":11,"column":22},"end":{"line":14,"column":1}},"5":{"start":{"line":13,"column":2},"end":{"line":13,"column":27}},"6":{"start":{"line":15,"column":2},"end":{"line":37,"column":3}},"7":{"start":{"line":18,"column":8},"end":{"line":34,"column":14}},"8":{"start":{"line":29,"column":27},"end":{"line":29,"column":46}}},"fnMap":{"0":{"name":"(anonymous_0)","decl":{"start":{"line":6,"column":17},"end":{"line":6,"column":18}},"loc":{"start":{"line":6,"column":26},"end":{"line":38,"column":1}},"line":6},"1":{"name":"(anonymous_1)","decl":{"start":{"line":11,"column":22},"end":{"line":11,"column":23}},"loc":{"start":{"line":11,"column":30},"end":{"line":14,"column":1}},"line":11},"2":{"name":"(anonymous_2)","decl":{"start":{"line":17,"column":18},"end":{"line":17,"column":19}},"loc":{"start":{"line":18,"column":8},"end":{"line":34,"column":14}},"line":18},"3":{"name":"(anonymous_3)","decl":{"start":{"line":29,"column":23},"end":{"line":29,"column":24}},"loc":{"start":{"line":29,"column":27},"end":{"line":29,"column":46}},"line":29}},"branchMap":{"0":{"loc":{"start":{"line":22,"column":33},"end":{"line":22,"column":134}},"type":"cond-expr","locations":[{"start":{"line":22,"column":67},"end":{"line":22,"column":102}},{"start":{"line":22,"column":105},"end":{"line":22,"column":134}}],"line":22}},"s":{"0":1,"1":4,"2":4,"3":4,"4":4,"5":2,"6":4,"7":29,"8":2},"f":{"0":4,"1":2,"2":29,"3":2},"b":{"0":[1,28]},"_coverageSchema":"1a1c01bbd47fc00a2c39e90264f33305004495a9","hash":"017dc85885447ba231b8e27b99168d0b39c13367"}
,"/Users/ankur/Desktop/react_learning/src/components/RestaurantCard.js": {"path":"/Users/ankur/Desktop/react_learning/src/components/RestaurantCard.js","statementMap":{"0":{"start":{"line":5,"column":23},"end":{"line":32,"column":1}},"1":{"start":{"line":6,"column":20},"end":{"line":6,"column":25}},"2":{"start":{"line":16,"column":6},"end":{"line":16,"column":19}},"3":{"start":{"line":17,"column":2},"end":{"line":31,"column":3}},"4":{"start":{"line":34,"column":33},"end":{"line":43,"column":1}},"5":{"start":{"line":35,"column":2},"end":{"line":42,"column":3}},"6":{"start":{"line":36,"column":4},"end":{"line":41,"column":5}}},"fnMap":{"0":{"name":"(anonymous_0)","decl":{"start":{"line":5,"column":23},"end":{"line":5,"column":24}},"loc":{"start":{"line":5,"column":32},"end":{"line":32,"column":1}},"line":5},"1":{"name":"(anonymous_1)","decl":{"start":{"line":34,"column":33},"end":{"line":34,"column":34}},"loc":{"start":{"line":34,"column":51},"end":{"line":43,"column":1}},"line":34},"2":{"name":"(anonymous_2)","decl":{"start":{"line":35,"column":9},"end":{"line":35,"column":10}},"loc":{"start":{"line":35,"column":18},"end":{"line":42,"column":3}},"line":35}},"branchMap":{},"s":{"0":2,"1":74,"2":74,"3":74,"4":2,"5":8,"6":1},"f":{"0":74,"1":8,"2":1},"b":{},"_coverageSchema":"1a1c01bbd47fc00a2c39e90264f33305004495a9","hash":"f7903c1b492e3a740c94f3695b88cfed6c3ba526"}
,"/Users/ankur/Desktop/react_learning/src/components/RestaurantCategories.js": {"path":"/Users/ankur/Desktop/react_learning/src/components/RestaurantCategories.js","statementMap":{"0":{"start":{"line":5,"column":28},"end":{"line":25,"column":2}},"1":{"start":{"line":6,"column":48},"end":{"line":6,"column":53}},"2":{"start":{"line":11,"column":2},"end":{"line":25,"column":1}},"3":{"start":{"line":15,"column":21},"end":{"line":15,"column":35}}},"fnMap":{"0":{"name":"(anonymous_0)","decl":{"start":{"line":5,"column":28},"end":{"line":5,"column":29}},"loc":{"start":{"line":5,"column":37},"end":{"line":25,"column":2}},"line":5},"1":{"name":"(anonymous_1)","decl":{"start":{"line":15,"column":17},"end":{"line":15,"column":18}},"loc":{"start":{"line":15,"column":21},"end":{"line":15,"column":35}},"line":15}},"branchMap":{"0":{"loc":{"start":{"line":21,"column":7},"end":{"line":23,"column":7}},"type":"binary-expr","locations":[{"start":{"line":21,"column":7},"end":{"line":21,"column":15}},{"start":{"line":22,"column":8},"end":{"line":22,"column":45}}],"line":21}},"s":{"0":1,"1":14,"2":14,"3":1},"f":{"0":14,"1":1},"b":{"0":[14,2]},"_coverageSchema":"1a1c01bbd47fc00a2c39e90264f33305004495a9","hash":"626f04e9a420e9c7e91cb18e5a0450018deb184b"}
,"/Users/ankur/Desktop/react_learning/src/components/RestaurantMenu.js": {"path":"/Users/ankur/Desktop/react_learning/src/components/RestaurantMenu.js","statementMap":{"0":{"start":{"line":10,"column":22},"end":{"line":53,"column":1}},"1":{"start":{"line":11,"column":18},"end":{"line":11,"column":29}},"2":{"start":{"line":12,"column":25},"end":{"line":12,"column":49}},"3":{"start":{"line":13,"column":36},"end":{"line":13,"column":47}},"4":{"start":{"line":14,"column":25},"end":{"line":14,"column":48}},"5":{"start":{"line":15,"column":2},"end":{"line":15,"column":51}},"6":{"start":{"line":15,"column":30},"end":{"line":15,"column":51}},"7":{"start":{"line":17,"column":20},"end":{"line":24,"column":3}},"8":{"start":{"line":18,"column":4},"end":{"line":22,"column":5}},"9":{"start":{"line":19,"column":6},"end":{"line":19,"column":25}},"10":{"start":{"line":21,"column":6},"end":{"line":21,"column":24}},"11":{"start":{"line":25,"column":57},"end":{"line":25,"column":105}},"12":{"start":{"line":26,"column":17},"end":{"line":26,"column":83}},"13":{"start":{"line":27,"column":21},"end":{"line":28,"column":105}},"14":{"start":{"line":28,"column":13},"end":{"line":28,"column":104}},"15":{"start":{"line":30,"column":2},"end":{"line":52,"column":3}},"16":{"start":{"line":44,"column":8},"end":{"line":48,"column":10}},"17":{"start":{"line":47,"column":29},"end":{"line":47,"column":45}}},"fnMap":{"0":{"name":"(anonymous_0)","decl":{"start":{"line":10,"column":22},"end":{"line":10,"column":23}},"loc":{"start":{"line":10,"column":26},"end":{"line":53,"column":1}},"line":10},"1":{"name":"(anonymous_1)","decl":{"start":{"line":17,"column":20},"end":{"line":17,"column":21}},"loc":{"start":{"line":17,"column":29},"end":{"line":24,"column":3}},"line":17},"2":{"name":"(anonymous_2)","decl":{"start":{"line":28,"column":4},"end":{"line":28,"column":5}},"loc":{"start":{"line":28,"column":13},"end":{"line":28,"column":104}},"line":28},"3":{"name":"(anonymous_3)","decl":{"start":{"line":43,"column":23},"end":{"line":43,"column":24}},"loc":{"start":{"line":44,"column":8},"end":{"line":48,"column":10}},"line":44},"4":{"name":"(anonymous_4)","decl":{"start":{"line":47,"column":25},"end":{"line":47,"column":26}},"loc":{"start":{"line":47,"column":29},"end":{"line":47,"column":45}},"line":47}},"branchMap":{"0":{"loc":{"start":{"line":15,"column":2},"end":{"line":15,"column":51}},"type":"if","locations":[{"start":{"line":15,"column":2},"end":{"line":15,"column":51}},{"start":{},"end":{}}],"line":15},"1":{"loc":{"start":{"line":18,"column":4},"end":{"line":22,"column":5}},"type":"if","locations":[{"start":{"line":18,"column":4},"end":{"line":22,"column":5}},{"start":{"line":20,"column":9},"end":{"line":22,"column":5}}],"line":18},"2":{"loc":{"start":{"line":46,"column":20},"end":{"line":46,"column":55}},"type":"cond-expr","locations":[{"start":{"line":46,"column":42},"end":{"line":46,"column":46}},{"start":{"line":46,"column":50},"end":{"line":46,"column":55}}],"line":46}},"s":{"0":1,"1":3,"2":3,"3":3,"4":3,"5":3,"6":1,"7":2,"8":1,"9":1,"10":0,"11":2,"12":2,"13":2,"14":20,"15":2,"16":14,"17":1},"f":{"0":3,"1":1,"2":20,"3":14,"4":1},"b":{"0":[1,2],"1":[1,0],"2":[2,12]},"_coverageSchema":"1a1c01bbd47fc00a2c39e90264f33305004495a9","hash":"52a4ee3e131f2905b71cdec4a419e514b5282092"}
,"/Users/ankur/Desktop/react_learning/src/components/TopSlider.js": {"path":"/Users/ankur/Desktop/react_learning/src/components/TopSlider.js","statementMap":{"0":{"start":{"line":10,"column":20},"end":{"line":32,"column":1}},"1":{"start":{"line":11,"column":19},"end":{"line":20,"column":3}},"2":{"start":{"line":22,"column":2},"end":{"line":31,"column":3}},"3":{"start":{"line":28,"column":6},"end":{"line":28,"column":38}}},"fnMap":{"0":{"name":"(anonymous_0)","decl":{"start":{"line":10,"column":20},"end":{"line":10,"column":21}},"loc":{"start":{"line":10,"column":30},"end":{"line":32,"column":1}},"line":10},"1":{"name":"(anonymous_1)","decl":{"start":{"line":24,"column":17},"end":{"line":24,"column":18}},"loc":{"start":{"line":28,"column":6},"end":{"line":28,"column":38}},"line":28}},"branchMap":{},"s":{"0":1,"1":0,"2":0,"3":0},"f":{"0":0,"1":0},"b":{},"_coverageSchema":"1a1c01bbd47fc00a2c39e90264f33305004495a9","hash":"75b6038bf750cd931aed6bd4bdb902d22acd5775"}
,"/Users/ankur/Desktop/react_learning/src/utils/appStore.js": {"path":"/Users/ankur/Desktop/react_learning/src/utils/appStore.js","statementMap":{"0":{"start":{"line":4,"column":17},"end":{"line":9,"column":2}}},"fnMap":{},"branchMap":{},"s":{"0":2},"f":{},"b":{},"_coverageSchema":"1a1c01bbd47fc00a2c39e90264f33305004495a9","hash":"9e2d06ae5633a9f5f01bb1219f5a7c6b1d2666dc"}
}
