TN:
SF:matchMedia.js
FN:3,(anonymous_0)
FNF:1
FNH:1
FNDA:1,(anonymous_0)
DA:1,1
DA:3,1
LF:2
LH:2
BRF:0
BRH:0
end_of_record
TN:
SF:src/components/Body.js
FN:9,(anonymous_0)
FN:17,(anonymous_1)
FN:18,(anonymous_2)
FN:25,(anonymous_3)
FN:29,(anonymous_4)
FN:64,(anonymous_5)
FN:68,(anonymous_6)
FN:77,(anonymous_7)
FN:79,(anonymous_8)
FN:91,(anonymous_9)
FN:95,(anonymous_10)
FNF:11
FNH:10
FNDA:7,(anonymous_0)
FNDA:1,(anonymous_1)
FNDA:20,(anonymous_2)
FNDA:2,(anonymous_3)
FNDA:2,(anonymous_4)
FNDA:1,(anonymous_5)
FNDA:1,(anonymous_6)
FNDA:1,(anonymous_7)
FNDA:20,(anonymous_8)
FNDA:0,(anonymous_9)
FNDA:72,(anonymous_10)
DA:9,1
DA:11,7
DA:12,7
DA:13,7
DA:14,7
DA:15,7
DA:17,7
DA:18,1
DA:19,20
DA:23,7
DA:25,7
DA:26,2
DA:29,7
DA:30,2
DA:33,2
DA:34,2
DA:35,2
DA:36,2
DA:38,7
DA:39,7
DA:41,7
DA:42,7
DA:44,5
DA:64,1
DA:69,1
DA:70,1
DA:78,1
DA:79,20
DA:81,1
DA:91,0
DA:96,72
LF:31
LH:30
BRDA:41,0,0,0
BRDA:41,0,1,7
BRDA:42,1,0,2
BRDA:42,1,1,5
BRDA:44,2,0,0
BRDA:44,2,1,5
BRDA:101,3,0,0
BRDA:101,3,1,72
BRF:8
BRH:5
end_of_record
TN:
SF:src/components/Cart.js
FN:5,(anonymous_0)
FN:7,(anonymous_1)
FN:8,(anonymous_2)
FN:21,(anonymous_3)
FNF:4
FNH:4
FNDA:3,(anonymous_0)
FNDA:6,(anonymous_1)
FNDA:1,(anonymous_2)
FNDA:1,(anonymous_3)
DA:5,1
DA:6,3
DA:7,6
DA:8,3
DA:9,1
DA:11,3
DA:21,1
LF:7
LH:7
BRDA:15,0,0,1
BRDA:15,0,1,2
BRF:2
BRH:2
end_of_record
TN:
SF:src/components/Contact.js
FN:1,(anonymous_0)
FNF:1
FNH:1
FNDA:5,(anonymous_0)
DA:1,1
DA:2,5
LF:2
LH:2
BRF:0
BRH:0
end_of_record
TN:
SF:src/components/Header.js
FN:9,(anonymous_0)
FN:15,(anonymous_1)
FNF:2
FNH:2
FNDA:7,(anonymous_0)
FNDA:14,(anonymous_1)
DA:9,2
DA:10,7
DA:11,7
DA:13,7
DA:15,14
DA:17,7
LF:6
LH:6
BRDA:28,0,0,7
BRDA:28,0,1,0
BRF:2
BRH:1
end_of_record
TN:
SF:src/components/ItemList.js
FN:6,(anonymous_0)
FN:11,(anonymous_1)
FN:17,(anonymous_2)
FN:29,(anonymous_3)
FNF:4
FNH:4
FNDA:4,(anonymous_0)
FNDA:2,(anonymous_1)
FNDA:29,(anonymous_2)
FNDA:2,(anonymous_3)
DA:6,1
DA:7,4
DA:8,4
DA:9,4
DA:11,4
DA:13,2
DA:15,4
DA:18,29
DA:29,2
LF:9
LH:9
BRDA:22,0,0,1
BRDA:22,0,1,28
BRF:2
BRH:2
end_of_record
TN:
SF:src/components/RestaurantCard.js
FN:5,(anonymous_0)
FN:34,(anonymous_1)
FN:35,(anonymous_2)
FNF:3
FNH:3
FNDA:74,(anonymous_0)
FNDA:8,(anonymous_1)
FNDA:1,(anonymous_2)
DA:5,2
DA:6,74
DA:16,74
DA:17,74
DA:34,2
DA:35,8
DA:36,1
LF:7
LH:7
BRF:0
BRH:0
end_of_record
TN:
SF:src/components/RestaurantCategories.js
FN:5,(anonymous_0)
FN:15,(anonymous_1)
FNF:2
FNH:2
FNDA:14,(anonymous_0)
FNDA:1,(anonymous_1)
DA:5,1
DA:6,14
DA:11,14
DA:15,1
LF:4
LH:4
BRDA:21,0,0,14
BRDA:21,0,1,2
BRF:2
BRH:2
end_of_record
TN:
SF:src/components/RestaurantMenu.js
FN:10,(anonymous_0)
FN:17,(anonymous_1)
FN:28,(anonymous_2)
FN:43,(anonymous_3)
FN:47,(anonymous_4)
FNF:5
FNH:5
FNDA:3,(anonymous_0)
FNDA:1,(anonymous_1)
FNDA:20,(anonymous_2)
FNDA:14,(anonymous_3)
FNDA:1,(anonymous_4)
DA:10,1
DA:11,3
DA:12,3
DA:13,3
DA:14,3
DA:15,3
DA:17,2
DA:18,1
DA:19,1
DA:21,0
DA:25,2
DA:26,2
DA:27,2
DA:28,20
DA:30,2
DA:44,14
DA:47,1
LF:17
LH:16
BRDA:15,0,0,1
BRDA:15,0,1,2
BRDA:18,1,0,1
BRDA:18,1,1,0
BRDA:46,2,0,2
BRDA:46,2,1,12
BRF:6
BRH:5
end_of_record
TN:
SF:src/components/TopSlider.js
FN:10,(anonymous_0)
FN:24,(anonymous_1)
FNF:2
FNH:0
FNDA:0,(anonymous_0)
FNDA:0,(anonymous_1)
DA:10,1
DA:11,0
DA:22,0
DA:28,0
LF:4
LH:1
BRF:0
BRH:0
end_of_record
TN:
SF:src/utils/appStore.js
FNF:0
FNH:0
DA:4,2
LF:1
LH:1
BRF:0
BRH:0
end_of_record
